[debug] [2022-08-23T21:36:33.592Z] ----------------------------------------------------------------------
[debug] [2022-08-23T21:36:33.594Z] Command:       C:\Users\praka\scoop\apps\nvm\current\nodejs\nodejs\node.exe C:\Users\praka\scoop\apps\nvm\current\nodejs\nodejs\node_modules\firebase-tools\lib\bin\firebase.js init hosting
[debug] [2022-08-23T21:36:33.595Z] CLI Version:   11.8.0
[debug] [2022-08-23T21:36:33.595Z] Platform:      win32
[debug] [2022-08-23T21:36:33.596Z] Node Version:  v14.20.0
[debug] [2022-08-23T21:36:33.601Z] Time:          Wed Aug 24 2022 03:06:33 GMT+0530 (India Standard Time)
[debug] [2022-08-23T21:36:33.601Z] ----------------------------------------------------------------------
[debug] 
[debug] [2022-08-23T21:36:33.611Z] >>> [apiv2][query] GET https://firebase-public.firebaseio.com/cli.json [none]
[debug] [2022-08-23T21:36:33.631Z] > command requires scopes: ["email","openid","https://www.googleapis.com/auth/cloudplatformprojects.readonly","https://www.googleapis.com/auth/firebase","https://www.googleapis.com/auth/cloud-platform"]
[debug] [2022-08-23T21:36:33.631Z] > authorizing via signed-in user (prakashchandra3786@gmail.com)
[info] 
     ######## #### ########  ######## ########     ###     ######  ########
     ##        ##  ##     ## ##       ##     ##  ##   ##  ##       ##
     ######    ##  ########  ######   ########  #########  ######  ######
     ##        ##  ##    ##  ##       ##     ## ##     ##       ## ##
     ##       #### ##     ## ######## ########  ##     ##  ######  ########

You're about to initialize a Firebase project in this directory:

  C:\Users\praka\Desktop\firebase-todo

[debug] [2022-08-23T21:36:34.509Z] <<< [apiv2][status] GET https://firebase-public.firebaseio.com/cli.json 200
[debug] [2022-08-23T21:36:34.510Z] <<< [apiv2][body] GET https://firebase-public.firebaseio.com/cli.json {"cloudBuildErrorAfter":1594252800000,"cloudBuildWarnAfter":1590019200000,"defaultNode10After":1594252800000,"minVersion":"3.0.5","node8DeploysDisabledAfter":1613390400000,"node8RuntimeDisabledAfter":1615809600000,"node8WarnAfter":1600128000000}
[info] 
=== Project Setup
[info] 
[info] First, let's associate this project directory with a Firebase project.
[info] You can create multiple project aliases by running firebase use --add, 
[info] but for now we'll just set up a default project.
[info] 
[debug] [2022-08-23T21:37:39.059Z] > refreshing access token with scopes: []
[debug] [2022-08-23T21:37:39.061Z] >>> [apiv2][query] POST https://www.googleapis.com/oauth2/v3/token [none]
[debug] [2022-08-23T21:37:39.061Z] >>> [apiv2][body] POST https://www.googleapis.com/oauth2/v3/token [omitted]
[debug] [2022-08-23T21:37:39.379Z] <<< [apiv2][status] POST https://www.googleapis.com/oauth2/v3/token 200
[debug] [2022-08-23T21:37:39.380Z] <<< [apiv2][body] POST https://www.googleapis.com/oauth2/v3/token [omitted]
[debug] [2022-08-23T21:37:39.401Z] >>> [apiv2][query] GET https://firebase.googleapis.com/v1beta1/projects pageSize=100
[debug] [2022-08-23T21:37:40.480Z] <<< [apiv2][status] GET https://firebase.googleapis.com/v1beta1/projects 200
[debug] [2022-08-23T21:37:40.480Z] <<< [apiv2][body] GET https://firebase.googleapis.com/v1beta1/projects [omitted]
[info] i  Using project fir-todo-app-a8dd2 (firebase-todo-app) 
[info] 
=== Hosting Setup
[info] 
[info] Your public directory is the folder (relative to your project directory) that
[info] will contain Hosting assets to be uploaded with firebase deploy. If you
[info] have a build process for your assets, use your build's output directory.
[info] 
